{
  "RSpec": {
    "coverage": {
      "/Users/charlottefereday/Development/Week_10/bank_tech_test_v1/spec/bank_account_spec.rb": [
        1,
        null,
        1,
        9,
        null,
        1,
        1,
        1,
        null,
        null,
        1,
        1,
        null,
        null,
        1,
        1,
        null,
        null,
        null,
        1,
        1,
        1,
        1,
        null,
        null,
        1,
        1,
        1,
        null,
        null,
        null,
        1,
        1,
        1,
        1,
        null,
        null,
        1,
        1,
        1,
        null,
        null,
        null,
        1,
        1,
        1,
        1,
        1,
        2,
        null,
        null,
        null,
        null
      ],
      "/Users/charlottefereday/Development/Week_10/bank_tech_test_v1/lib/bank_account.rb": [
        1,
        1,
        null,
        1,
        8,
        8,
        8,
        8,
        8,
        null,
        null,
        1,
        4,
        4,
        4,
        4,
        4,
        null,
        null,
        1,
        3,
        3,
        3,
        3,
        3,
        null,
        null,
        1,
        1,
        1,
        3,
        3,
        0,
        0,
        null,
        null,
        null,
        null
      ],
      "/Users/charlottefereday/Development/Week_10/bank_tech_test_v1/spec/bank_account_statement_spec.rb": [
        1,
        null,
        1,
        6,
        null,
        1,
        1,
        1,
        null,
        null,
        null,
        1,
        1,
        null,
        null,
        null,
        null,
        1,
        1,
        1,
        2,
        null,
        null,
        null,
        null,
        1,
        1,
        1,
        2,
        null,
        null,
        null,
        null,
        1,
        1,
        2,
        null,
        null,
        null
      ],
      "/Users/charlottefereday/Development/Week_10/bank_tech_test_v1/lib/bank_account_statement.rb": [
        1,
        1,
        null,
        1,
        13,
        13,
        null,
        null,
        1,
        4,
        null,
        null,
        1,
        1,
        null,
        null,
        1,
        2,
        null,
        null
      ],
      "/Users/charlottefereday/Development/Week_10/bank_tech_test_v1/spec/deposit_spec.rb": [
        1,
        null,
        1,
        5,
        null,
        1,
        1,
        1,
        null,
        null,
        1,
        1,
        null,
        null,
        null,
        1,
        1,
        1,
        null,
        null,
        null,
        1,
        1,
        1,
        null,
        null,
        null
      ],
      "/Users/charlottefereday/Development/Week_10/bank_tech_test_v1/lib/deposit.rb": [
        1,
        1,
        null,
        1,
        12,
        12,
        null,
        null,
        1,
        5,
        null,
        null,
        1,
        5,
        null,
        null
      ],
      "/Users/charlottefereday/Development/Week_10/bank_tech_test_v1/spec/wthdrawal_spec.rb": [
        1,
        null,
        1,
        5,
        null,
        1,
        1,
        1,
        null,
        null,
        1,
        1,
        null,
        null,
        null,
        1,
        1,
        1,
        null,
        null,
        null,
        1,
        1,
        1,
        null,
        null,
        null
      ],
      "/Users/charlottefereday/Development/Week_10/bank_tech_test_v1/lib/withdrawal.rb": [
        1,
        1,
        null,
        1,
        12,
        12,
        null,
        null,
        1,
        4,
        null,
        null,
        1,
        4,
        null,
        null
      ]
    },
    "timestamp": 1499757031
  }
}
