{
  "RSpec": {
    "coverage": {
      "/Users/charlottefereday/Development/Week_10/bank_tech_test_v1/spec/bank_account_spec.rb": [
        1,
        null,
        1,
        5,
        null,
        1,
        1,
        1,
        null,
        null,
        1,
        1,
        null,
        null,
        1,
        1,
        null,
        null,
        null,
        1,
        1,
        1,
        1,
        null,
        null,
        1,
        0,
        0,
        null,
        null,
        null
      ],
      "/Users/charlottefereday/Development/Week_10/bank_tech_test_v1/lib/bank_account.rb": [
        1,
        1,
        null,
        1,
        4,
        4,
        4,
        null,
        null,
        1,
        1,
        1,
        1,
        null,
        null
      ],
      "/Users/charlottefereday/Development/Week_10/bank_tech_test_v1/spec/bank_account_statement_spec.rb": [
        1,
        null,
        1,
        2,
        null,
        1,
        1,
        1,
        null,
        null,
        null
      ],
      "/Users/charlottefereday/Development/Week_10/bank_tech_test_v1/lib/bank_account_statement.rb": [
        1,
        1,
        null,
        1,
        5,
        null,
        null
      ],
      "/Users/charlottefereday/Development/Week_10/bank_tech_test_v1/spec/deposit_spec.rb": [
        1,
        null,
        1,
        5,
        null,
        1,
        1,
        1,
        null,
        null,
        1,
        1,
        null,
        null,
        null,
        1,
        1,
        1,
        null,
        null,
        null,
        1,
        1,
        1,
        null,
        null,
        null
      ],
      "/Users/charlottefereday/Development/Week_10/bank_tech_test_v1/lib/deposit.rb": [
        1,
        1,
        null,
        1,
        8,
        8,
        null,
        null,
        1,
        2,
        null,
        null,
        1,
        2,
        null,
        null
      ]
    },
    "timestamp": 1499705527
  }
}
